<?xml version="1.0" encoding="UTF-8"?>
<!-- Generated by org.testng.reporters.JUnitReportReporter -->
<testsuite skipped="0" hostname="W470-142" name="com.upgrade.uitests.CheckRatePagevalidLoanAmtTest" tests="6" failures="0" timestamp="09 Oct 2021 03:24:39 GMT" time="8.609" errors="0">
  <testcase name="checkRateTest" time="1.188" classname="com.upgrade.uitests.CheckRatePagevalidLoanAmtTest"/>
  <testcase name="checkRateTest" time="1.138" classname="com.upgrade.uitests.CheckRatePagevalidLoanAmtTest"/>
  <testcase name="checkRateTest" time="1.870" classname="com.upgrade.uitests.CheckRatePagevalidLoanAmtTest"/>
  <testcase name="checkRateTest" time="1.816" classname="com.upgrade.uitests.CheckRatePagevalidLoanAmtTest"/>
  <testcase name="checkRateTest" time="1.522" classname="com.upgrade.uitests.CheckRatePagevalidLoanAmtTest"/>
  <testcase name="checkRateTest" time="1.075" classname="com.upgrade.uitests.CheckRatePagevalidLoanAmtTest"/>
</testsuite> <!-- com.upgrade.uitests.CheckRatePagevalidLoanAmtTest -->
