<?xml version="1.0" encoding="UTF-8"?>
<!-- Generated by org.testng.reporters.JUnitReportReporter -->
<testsuite skipped="0" hostname="W470-142" name="com.upgrade.uitests.CheckRatePageInvalidLoanAmtTest" tests="6" failures="0" timestamp="09 Oct 2021 03:24:39 GMT" time="2.700" errors="0">
  <testcase name="checkRateTest" time="0.765" classname="com.upgrade.uitests.CheckRatePageInvalidLoanAmtTest"/>
  <testcase name="checkRateTest" time="0.458" classname="com.upgrade.uitests.CheckRatePageInvalidLoanAmtTest"/>
  <testcase name="checkRateTest" time="0.360" classname="com.upgrade.uitests.CheckRatePageInvalidLoanAmtTest"/>
  <testcase name="checkRateTest" time="0.375" classname="com.upgrade.uitests.CheckRatePageInvalidLoanAmtTest"/>
  <testcase name="checkRateTest" time="0.375" classname="com.upgrade.uitests.CheckRatePageInvalidLoanAmtTest"/>
  <testcase name="checkRateTest" time="0.367" classname="com.upgrade.uitests.CheckRatePageInvalidLoanAmtTest"/>
</testsuite> <!-- com.upgrade.uitests.CheckRatePageInvalidLoanAmtTest -->
