<?xml version="1.0" encoding="UTF-8"?>
<!-- Generated by org.testng.reporters.JUnitReportReporter -->
<testsuite skipped="0" hostname="W470-142" name="com.upgrade.apitest.UpgradeApiTest" tests="5" failures="0" timestamp="09 Oct 2021 03:24:39 GMT" time="5.527" errors="0">
  <testcase name="upgradeAPIWithInvalidMethodTest" time="0.361" classname="com.upgrade.apitest.UpgradeApiTest"/>
  <testcase name="upgradeAPIWithInvalidHeadersTest" time="0.436" classname="com.upgrade.apitest.UpgradeApiTest"/>
  <testcase name="upgradeAPIWithValidLoanAppIdTest" time="0.973" classname="com.upgrade.apitest.UpgradeApiTest"/>
  <testcase name="upgradeAPIWithInValidLoanAppIdTest" time="3.389" classname="com.upgrade.apitest.UpgradeApiTest"/>
  <testcase name="upgradeAPIWithNoPayLoadTest" time="0.368" classname="com.upgrade.apitest.UpgradeApiTest"/>
</testsuite> <!-- com.upgrade.apitest.UpgradeApiTest -->
