<?xml version="1.0" encoding="UTF-8"?>
<!-- Generated by org.testng.reporters.JUnitReportReporter -->
<testsuite skipped="0" hostname="W470-142" name="com.upgrade.uitests.BasicInfoIndividualTest" tests="1" failures="0" timestamp="09 Oct 2021 03:24:39 GMT" time="4.792" errors="0">
  <testcase name="basicInfoTest" time="4.792" classname="com.upgrade.uitests.BasicInfoIndividualTest"/>
</testsuite> <!-- com.upgrade.uitests.BasicInfoIndividualTest -->
