<?xml version="1.0" encoding="UTF-8"?>
<!-- Generated by org.testng.reporters.JUnitReportReporter -->
<testsuite skipped="0" hostname="W470-142" name="com.upgrade.uitests.EndToEndAccountValidationTest" tests="1" failures="0" timestamp="09 Oct 2021 03:24:39 GMT" time="27.735" errors="0">
  <testcase name="endToEndQaChallengeTest" time="27.735" classname="com.upgrade.uitests.EndToEndAccountValidationTest"/>
</testsuite> <!-- com.upgrade.uitests.EndToEndAccountValidationTest -->
